Using pre-set license
Built from '2020.2/staging' branch; Version is '2020.2.0b14 (dc0b50340a64) revision 14420816'; Using compiler version '192528614'; Build Type 'Release'
OS: 'Windows 10  (10.0.0) 64bit' Language: 'en' Physical Memory: 16178 MB
BatchMode: 1, IsHumanControllingUs: 0, StartBugReporterOnCrash: 0, Is64bit: 1, IsPro: 0

 COMMAND LINE ARGUMENTS:
C:\Program Files\Unity\Hub\Editor\2020.2.0b14\Editor\Unity.exe
-adb2
-batchMode
-noUpm
-name
AssetImportWorker0
-projectPath
C:/Users/Josh/Documents/GitHub/Epitaph
-logFile
Logs/AssetImportWorker0.log
-srvPort
50682
Successfully changed project path to: C:/Users/Josh/Documents/GitHub/Epitaph
C:/Users/Josh/Documents/GitHub/Epitaph
Using Asset Import Pipeline V2.
Refreshing native plugins compatible for Editor in 145.73 ms, found 0 plugins.
Preloading 0 native plugins for Editor in 0.00 ms.
Initialize engine version: 2020.2.0b14 (dc0b50340a64)
[Subsystems] Discovering subsystems at path C:/Program Files/Unity/Hub/Editor/2020.2.0b14/Editor/Data/Resources/UnitySubsystems
[Subsystems] Discovering subsystems at path C:/Users/Josh/Documents/GitHub/Epitaph/Assets
GfxDevice: creating device client; threaded=0
Direct3D:
    Version:  Direct3D 11.0 [level 11.1]
    Renderer: NVIDIA GeForce GTX 1060 with Max-Q Design (ID=0x1c20)
    Vendor:   
    VRAM:     6052 MB
    Driver:   27.21.14.6231
Initialize mono
Mono path[0] = 'C:/Program Files/Unity/Hub/Editor/2020.2.0b14/Editor/Data/Managed'
Mono path[1] = 'C:/Program Files/Unity/Hub/Editor/2020.2.0b14/Editor/Data/MonoBleedingEdge/lib/mono/unityjit'
Mono config path = 'C:/Program Files/Unity/Hub/Editor/2020.2.0b14/Editor/Data/MonoBleedingEdge/etc'
Using monoOptions --debugger-agent=transport=dt_socket,embedding=1,server=y,suspend=n,address=127.0.0.1:56428
Begin MonoManager ReloadAssembly
Registering precompiled unity dll's ...
Register platform support module: C:/Program Files/Unity/Hub/Editor/2020.2.0b14/Editor/Data/PlaybackEngines/WindowsStandaloneSupport/UnityEditor.WindowsStandalone.Extensions.dll
Registered in 0.004024 seconds.
Native extension for WindowsStandalone target not found
Refreshing native plugins compatible for Editor in 117.89 ms, found 0 plugins.
Preloading 0 native plugins for Editor in 0.00 ms.
Invoked RoslynAnalysisRunner static constructor.
RoslynAnalysisRunner will not be running.
RoslynAnalysisRunner has terminated.
Mono: successfully reloaded assembly
- Completed reload, in  2.062 seconds
Platform modules already initialized, skipping
Registering precompiled user dll's ...
Registered in 0.004740 seconds.
Begin MonoManager ReloadAssembly
Native extension for WindowsStandalone target not found
Refreshing native plugins compatible for Editor in 105.36 ms, found 0 plugins.
Preloading 0 native plugins for Editor in 0.00 ms.
System.IO.FileNotFoundException: Could not load file or assembly 'Unity.Analytics.Editor, Version=1.0.0.0, Culture=neutral, PublicKeyToken=null' or one of its dependencies.
File name: 'Unity.Analytics.Editor, Version=1.0.0.0, Culture=neutral, PublicKeyToken=null'
UnityEngine.StackTraceUtility:ExtractStackTrace ()
UnityEngine.DebugLogHandler:LogFormat (UnityEngine.LogType,UnityEngine.Object,string,object[])
UnityEngine.Logger:Log (UnityEngine.LogType,object)
UnityEngine.Debug:LogError (object)
UnityEditor.EditorAssemblies:ProcessInitializeOnLoadAttributes (System.Type[])

Invoked RoslynAnalysisRunner static constructor.
RoslynAnalysisRunner will not be running.
RoslynAnalysisRunner has terminated.
Mono: successfully reloaded assembly
- Completed reload, in  1.838 seconds
Platform modules already initialized, skipping
========================================================================
Worker process is ready to serve import requests
Launched and connected shader compiler UnityShaderCompiler.exe after 0.06 seconds
Refreshing native plugins compatible for Editor in 1.04 ms, found 0 plugins.
Preloading 0 native plugins for Editor in 0.00 ms.
Unloading 2562 Unused Serialized files (Serialized files now loaded: 0)
System memory in use before: 207.8 MB.
System memory in use after: 207.3 MB.

Unloading 36 unused Assets to reduce memory usage. Loaded Objects now: 3005.
Total: 3.951700 ms (FindLiveObjects: 0.374700 ms CreateObjectMapping: 0.196300 ms MarkObjects: 2.354300 ms  DeleteObjects: 1.024100 ms)

========================================================================
Received Import Request.
  path: Assets/Assets.index
  artifactKey: Guid(33e66150289883046935423b8526a987) Importer(815301076,1909f56bfc062723c751e8b465ee728b)
Start importing Assets/Assets.index using Guid(33e66150289883046935423b8526a987) Importer(815301076,1909f56bfc062723c751e8b465ee728b)  -> (artifact id: 'e8428019a98909d1c31c558385f3963c') in 0.130117 seconds
  Import took 0.137272 seconds .

========================================================================
Received Import Request.
  Time since last request: 46.642241 seconds.
  path: Assets/Editor/PillarDimensionObjectInspector.cs
  artifactKey: Guid(37463ea87da85224fa3317d1f64b8e48) Importer(815301076,1909f56bfc062723c751e8b465ee728b)
Start importing Assets/Editor/PillarDimensionObjectInspector.cs using Guid(37463ea87da85224fa3317d1f64b8e48) Importer(815301076,1909f56bfc062723c751e8b465ee728b)  -> (artifact id: 'e52db10c85e7412f4ace2c384e4fc2c7') in 0.025670 seconds
  Import took 0.031647 seconds .

========================================================================
Received Import Request.
  Time since last request: 0.040737 seconds.
  path: Assets/Editor/PillarDimensionObjectInspector.cs
  artifactKey: Guid(37463ea87da85224fa3317d1f64b8e48) Importer(815301076,1909f56bfc062723c751e8b465ee728b)
Start importing Assets/Editor/PillarDimensionObjectInspector.cs using Guid(37463ea87da85224fa3317d1f64b8e48) Importer(815301076,1909f56bfc062723c751e8b465ee728b)  -> (artifact id: 'e52db10c85e7412f4ace2c384e4fc2c7') in 0.004224 seconds
  Import took 0.011154 seconds .

