
=== Wed Apr 17 19:40:23 2019

Packages were changed.
Update Mode: updateDependencies

The following packages were added:
  com.unity.collab-proxy@1.2.16
  com.unity.timeline@1.0.0
  com.unity.multiplayer-hlapi@1.0.2
  com.unity.xr.legacyinputhelpers@2.0.2
The following packages were updated:
  com.unity.analytics from version 2.0.16 to 3.3.2
  com.unity.package-manager-ui from version 1.9.11 to 2.1.2
  com.unity.postprocessing from version 2.1.2 to 2.1.4
  com.unity.purchasing from version 2.0.3 to 2.0.6

=== Wed Aug 12 16:04:46 2020

Packages were changed.
Update Mode: updateDependencies

The following packages were added:
  com.unity.2d.sprite@1.0.0
  com.unity.2d.tilemap@1.0.0
  com.unity.ide.rider@1.2.1
  com.unity.ide.visualstudio@2.0.2
  com.unity.ide.vscode@1.2.1
  com.unity.modules.androidjni@1.0.0
  com.unity.test-framework@1.1.16
  com.unity.ugui@1.0.0
The following packages were updated:
  com.unity.ads from version 2.0.8 to 3.4.7
  com.unity.analytics from version 3.3.2 to 3.3.5
  com.unity.collab-proxy from version 1.2.16 to 1.3.8
  com.unity.postprocessing from version 2.1.6 to 2.3.0
  com.unity.timeline from version 1.0.0 to 1.2.6
  com.unity.xr.legacyinputhelpers from version 2.0.2 to 2.1.4
The following packages were removed:
  com.unity.package-manager-ui@2.1.2

=== Sun Dec  6 18:36:17 2020

Packages were changed.
Update Mode: updateDependencies

The following packages were updated:
  com.unity.ads from version 3.4.7 to 3.5.2
  com.unity.analytics from version 3.3.5 to 3.5.3
  com.unity.collab-proxy from version 1.3.8 to 1.3.9
  com.unity.ide.rider from version 1.2.1 to 2.0.7
  com.unity.ide.visualstudio from version 2.0.2 to 2.0.5
  com.unity.ide.vscode from version 1.2.1 to 1.2.3
  com.unity.purchasing from version 2.0.6 to 2.1.1
  com.unity.test-framework from version 1.1.16 to 1.1.19
  com.unity.xr.legacyinputhelpers from version 2.1.4 to 2.1.6

=== Sun Oct  3 22:36:47 2021

Packages were changed.
Update Mode: updateDependencies

The following packages were updated:
  com.unity.ads from version 3.5.2 to 3.7.5
  com.unity.analytics from version 3.5.3 to 3.6.11
  com.unity.collab-proxy from version 1.3.9 to 1.9.0
  com.unity.ide.rider from version 2.0.7 to 3.0.7
  com.unity.ide.visualstudio from version 2.0.5 to 2.0.11
  com.unity.ide.vscode from version 1.2.3 to 1.2.4
  com.unity.postprocessing from version 2.3.0 to 3.1.1
  com.unity.probuilder from version 4.2.3 to 5.0.3
  com.unity.purchasing from version 2.1.1 to 3.2.3
  com.unity.test-framework from version 1.1.19 to 1.1.29
  com.unity.textmeshpro from version 3.0.1 to 3.0.6
  com.unity.timeline from version 1.2.6 to 1.5.6
  com.unity.xr.legacyinputhelpers from version 2.1.6 to 2.1.8
The following packages were removed:
  com.unity.quicksearch@2.0.2

=== Thu May 19 20:42:04 2022

Packages were changed.
Update Mode: updateDependencies

The following packages were updated:
  com.unity.ads from version 3.7.5 to 4.1.0
  com.unity.analytics from version 3.6.11 to 3.7.1
  com.unity.collab-proxy from version 1.9.0 to 1.15.16
  com.unity.ide.rider from version 3.0.7 to 3.0.14
  com.unity.ide.visualstudio from version 2.0.11 to 2.0.15
  com.unity.ide.vscode from version 1.2.4 to 1.2.5
  com.unity.postprocessing from version 3.1.1 to 3.2.2
  com.unity.probuilder from version 5.0.3 to 5.0.4
  com.unity.purchasing from version 3.2.3 to 4.1.4
  com.unity.test-framework from version 1.1.29 to 1.1.31
  com.unity.timeline from version 1.5.6 to 1.7.1
  com.unity.xr.legacyinputhelpers from version 2.1.8 to 2.1.9

=== Tue Jun 14 22:12:44 2022

Packages were changed.
Update Mode: updateDependencies

The following packages were added:
  com.unity.ai.navigation@1.1.0-pre.1
The following packages were updated:
  com.unity.analytics from version 3.7.1 to 3.8.1
  com.unity.collab-proxy from version 1.15.16 to 1.15.18
  com.unity.purchasing from version 4.1.4 to 4.1.5

=== Sun Jul 31 22:44:12 2022

Packages were changed.
Update Mode: updateDependencies

The following packages were updated:
  com.unity.ide.rider from version 3.0.14 to 3.0.15
  com.unity.ide.visualstudio from version 2.0.15 to 2.0.16
  com.unity.purchasing from version 4.1.5 to 4.2.1

=== Wed Aug  3 20:33:28 2022

Packages were changed.
Update Mode: mergeDefaultDependencies

The following packages were added:
  com.unity.burst@1.7.2
  com.unity.collections@1.2.3
  com.unity.mathematics@1.2.6
